<?xml version="1.0" encoding="UTF-8"?>
<!-- Generated by org.testng.reporters.JUnitXMLReporter -->
<testsuite hostname="DESKTOP-GHO9U30" failures="0" tests="3" name="Test" time="0.015" errors="0" timestamp="28 Oct 2022 15:23:36 GMT">
  <testcase classname="test12.test13.CarLoan" name="logintoBranchforCarLoan" time="0.005"/>
  <testcase classname="test12.test13.Homeloan" name="logintoBranchforHomeLoan" time="0.001"/>
  <testcase classname="test12.test13.PersonalLoan" name="logintoBranchforPersonalLoan" time="0.001"/>
</testsuite> <!-- Test -->
