<?xml version="1.0" encoding="UTF-8"?>
<testng-results total="3" passed="3" failed="0" skipped="0">
  <reporter-output>
  </reporter-output>
  <suite started-at="2022-10-28T15:23:36Z" name="Suite" finished-at="2022-10-28T15:23:36Z" duration-ms="15">
    <groups>
      <group name="Sanity">
        <method signature="CarLoan.logintoBranchforCarLoan()[pri:0, instance:test12.test13.CarLoan@3c77d488]" name="logintoBranchforCarLoan" class="test12.test13.CarLoan"/>
        <method signature="Homeloan.logintoBranchforHomeLoan()[pri:0, instance:test12.test13.Homeloan@63376bed]" name="logintoBranchforHomeLoan" class="test12.test13.Homeloan"/>
        <method signature="PersonalLoan.logintoBranchforPersonalLoan()[pri:0, instance:test12.test13.PersonalLoan@1ffaf86]" name="logintoBranchforPersonalLoan" class="test12.test13.PersonalLoan"/>
      </group> <!-- Sanity -->
    </groups>
    <test started-at="2022-10-28T15:23:36Z" name="Test" finished-at="2022-10-28T15:23:36Z" duration-ms="15">
      <class name="test12.test13.Homeloan">
        <test-method signature="logintoBranchforHomeLoan()[pri:0, instance:test12.test13.Homeloan@63376bed]" started-at="2022-10-28T17:23:36Z" name="logintoBranchforHomeLoan" finished-at="2022-10-28T17:23:36Z" duration-ms="1" status="PASS">
          <reporter-output>
          </reporter-output>
        </test-method> <!-- logintoBranchforHomeLoan -->
      </class> <!-- test12.test13.Homeloan -->
      <class name="test12.test13.CarLoan">
        <test-method signature="logintoBranchforCarLoan()[pri:0, instance:test12.test13.CarLoan@3c77d488]" started-at="2022-10-28T17:23:36Z" name="logintoBranchforCarLoan" finished-at="2022-10-28T17:23:36Z" duration-ms="5" status="PASS">
          <reporter-output>
          </reporter-output>
        </test-method> <!-- logintoBranchforCarLoan -->
      </class> <!-- test12.test13.CarLoan -->
      <class name="test12.test13.PersonalLoan">
        <test-method signature="logintoBranchforPersonalLoan()[pri:0, instance:test12.test13.PersonalLoan@1ffaf86]" started-at="2022-10-28T17:23:36Z" name="logintoBranchforPersonalLoan" finished-at="2022-10-28T17:23:36Z" duration-ms="1" status="PASS">
          <reporter-output>
          </reporter-output>
        </test-method> <!-- logintoBranchforPersonalLoan -->
      </class> <!-- test12.test13.PersonalLoan -->
    </test> <!-- Test -->
  </suite> <!-- Suite -->
</testng-results>
